<?xml version="1.0" encoding="UTF-8"?>
<!-- Generated by org.testng.reporters.JUnitReportReporter -->
<testsuite name="SeleniumGridTest" tests="1" time="8.729" ignored="0" failures="0" timestamp="21 Aug 2020 08:07:58 GMT" skipped="0" hostname="Himanshu-PC" errors="0">
  <testcase name="test" time="8.729" classname="SeleniumGridTest"/>
</testsuite> <!-- SeleniumGridTest -->
