<?xml version="1.0" encoding="UTF-8"?>
<!-- Generated by org.testng.reporters.JUnitReportReporter -->
<testsuite name="HandlingDropDownCombobox" tests="1" time="3.761" ignored="5" failures="0" timestamp="20 Aug 2020 10:19:54 GMT" skipped="0" hostname="Himanshu-PC" errors="0">
  <testcase name="doubleClick" time="3.761" classname="HandlingDropDownCombobox"/>
  <testcase name="multipleSelectDropDown" classname="HandlingDropDownCombobox">
    <skipped/>
  </testcase> <!-- multipleSelectDropDown -->
  <testcase name="color" classname="HandlingDropDownCombobox">
    <skipped/>
  </testcase> <!-- color -->
  <testcase name="scroll" classname="HandlingDropDownCombobox">
    <skipped/>
  </testcase> <!-- scroll -->
  <testcase name="hover" classname="HandlingDropDownCombobox">
    <skipped/>
  </testcase> <!-- hover -->
  <testcase name="dropdown" classname="HandlingDropDownCombobox">
    <skipped/>
  </testcase> <!-- dropdown -->
</testsuite> <!-- HandlingDropDownCombobox -->
